[2026-03-25 16:54:32,781] [INFO] ai_app: CLI started
[2026-03-25 16:54:32,782] [INFO] ai_app: Hello, kk!
[2026-03-25 16:59:58,050] [ERROR] ai_app: Error: Name cannot be empty
[2026-03-25 17:00:45,001] [INFO] ai_app: CLI started
[2026-03-25 17:00:45,001] [INFO] ai_app: Hello, kk!
[2026-03-25 17:01:47,739] [INFO] ai_app: CLI started
[2026-03-25 17:01:47,739] [INFO] ai_app: Hello, AI App!
[2026-03-25 17:01:48,403] [INFO] ai_app: CLI started
[2026-03-25 17:01:48,404] [INFO] ai_app: Hello, kk!
[2026-03-25 17:01:55,278] [INFO] ai_app: CLI started
[2026-03-25 17:01:55,278] [INFO] ai_app: Hello, kk!
[2026-03-28 14:02:14,249] [INFO] ai_app: CLI started
[2026-03-28 14:02:14,249] [INFO] ai_app: Hello, AI App!
[2026-03-28 14:02:14,811] [INFO] ai_app: CLI started
[2026-03-28 14:02:14,812] [INFO] ai_app: Hello, kk!
[2026-03-28 14:02:15,321] [ERROR] ai_app: Error: Name cannot be empty
[2026-03-28 14:30:47,411] [INFO] ai_app: CLI started
[2026-03-28 14:30:47,411] [INFO] ai_app: Hello, kk!
[2026-03-28 14:30:47,418] [INFO] ai_app: CLI started
[2026-03-28 14:30:47,418] [INFO] ai_app: Hello, kk!
[2026-03-28 14:30:47,421] [ERROR] ai_app: Error: Name cannot be empty
[2026-03-28 14:30:55,482] [ERROR] ai_app: Error: Name cannot be empty
[2026-03-28 14:45:00,952] [INFO] ai_app: CLI started
[2026-03-28 14:45:00,952] [INFO] ai_app: Hello, AI App!
[2026-03-28 14:45:01,488] [INFO] ai_app: CLI started
[2026-03-28 14:45:01,488] [INFO] ai_app: Hello, kk!
[2026-03-28 14:45:02,014] [ERROR] ai_app: Error: Name cannot be empty
[2026-03-28 14:45:02,892] [INFO] ai_app: CLI started
[2026-03-28 14:45:02,893] [INFO] ai_app: Hello, kk!
[2026-03-28 14:45:02,899] [INFO] ai_app: CLI started
[2026-03-28 14:45:02,899] [INFO] ai_app: Hello, kk!
[2026-03-28 14:45:02,902] [ERROR] ai_app: Error: Name cannot be empty
[2026-03-28 14:45:38,725] [INFO] ai_app: CLI started
[2026-03-28 14:45:38,726] [INFO] ai_app: Hello, werwer!
[2026-03-28 14:45:47,292] [INFO] ai_app: CLI started
[2026-03-28 14:45:47,293] [INFO] ai_app: Hello, 孔政!
[2026-03-28 14:49:09,058] [INFO] ai_app: CLI started
[2026-03-28 14:49:09,058] [INFO] ai_app: Hello, AI App!
